<?xml version="1.0" encoding="UTF-8"?>
<testng-results skipped="0" failed="0" ignored="0" total="2" passed="2">
  <reporter-output>
  </reporter-output>
  <suite name="Suite" duration-ms="16562" started-at="2022-10-23T13:10:03 IST" finished-at="2022-10-23T13:10:19 IST">
    <groups>
    </groups>
    <test name="chrome" duration-ms="16562" started-at="2022-10-23T13:10:03 IST" finished-at="2022-10-23T13:10:19 IST">
      <class name="OpenBrowser">
        <test-method status="PASS" signature="flow()[pri:0, instance:OpenBrowser@2b2948e2]" name="flow" duration-ms="11" started-at="2022-10-23T13:10:03 IST" finished-at="2022-10-23T13:10:03 IST">
          <reporter-output>
          </reporter-output>
        </test-method> <!-- flow -->
        <test-method status="PASS" signature="launch(java.lang.String)[pri:0, instance:OpenBrowser@2b2948e2]" name="launch" duration-ms="16498" started-at="2022-10-23T13:10:03 IST" finished-at="2022-10-23T13:10:19 IST">
          <params>
            <param index="0">
              <value>
                <![CDATA[chrome]]>
              </value>
            </param>
          </params>
          <reporter-output>
          </reporter-output>
        </test-method> <!-- launch -->
      </class> <!-- OpenBrowser -->
    </test> <!-- chrome -->
  </suite> <!-- Suite -->
</testng-results>
