<?xml version="1.0" encoding="UTF-8"?>
<testng-results skipped="0" failed="0" ignored="0" total="1" passed="1">
  <reporter-output>
  </reporter-output>
  <suite name="Suite" duration-ms="32927" started-at="2022-10-23T11:43:48 IST" finished-at="2022-10-23T11:44:21 IST">
    <groups>
    </groups>
    <test name="chrome" duration-ms="32927" started-at="2022-10-23T11:43:48 IST" finished-at="2022-10-23T11:44:21 IST">
      <class name="OpenBrowser">
        <test-method status="PASS" signature="launch(java.lang.String)[pri:0, instance:OpenBrowser@2b2948e2]" name="launch" duration-ms="32877" started-at="2022-10-23T11:43:48 IST" finished-at="2022-10-23T11:44:21 IST">
          <params>
            <param index="0">
              <value>
                <![CDATA[firefox]]>
              </value>
            </param>
          </params>
          <reporter-output>
          </reporter-output>
        </test-method> <!-- launch -->
      </class> <!-- OpenBrowser -->
    </test> <!-- chrome -->
  </suite> <!-- Suite -->
</testng-results>
